<?xml version="1.0" encoding="UTF-8"?>
<testng-results ignored="0" total="1" passed="1" failed="0" skipped="0">
  <reporter-output>
  </reporter-output>
  <suite started-at="2023-11-24T13:47:21 IST" name="Default suite" finished-at="2023-11-24T13:49:09 IST" duration-ms="108458">
    <groups>
    </groups>
    <test started-at="2023-11-24T13:47:21 IST" name="Default test" finished-at="2023-11-24T13:49:09 IST" duration-ms="108458">
      <class name="FilterSelectionTest">
        <test-method signature="initialization()[pri:0, instance:FilterSelectionTest@4d154ccd]" started-at="2023-11-24T13:47:21 IST" name="initialization" finished-at="2023-11-24T13:49:09 IST" duration-ms="108379" status="PASS">
          <reporter-output>
          </reporter-output>
        </test-method> <!-- initialization -->
      </class> <!-- FilterSelectionTest -->
    </test> <!-- Default test -->
  </suite> <!-- Default suite -->
</testng-results>
